<?xml version="1.0" encoding="UTF-8"?>
<!-- Generated by org.testng.reporters.JUnitXMLReporter -->
<testsuite hostname="DESKTOP-P80G86J" ignored="0" name="Test" tests="9" failures="0" timestamp="24 Sep 2017 16:40:47 GMT" time="186.782" errors="0">
  <testcase name="testCase" time="22.452" classname="com.alg.test.executionengine.Executor"/>
  <testcase name="testCase" time="19.747" classname="com.alg.test.executionengine.Executor"/>
  <testcase name="testCase" time="20.494" classname="com.alg.test.executionengine.Executor"/>
  <testcase name="testCase" time="19.028" classname="com.alg.test.executionengine.Executor"/>
  <testcase name="testCase" time="18.024" classname="com.alg.test.executionengine.Executor"/>
  <testcase name="testCase" time="18.015" classname="com.alg.test.executionengine.Executor"/>
  <testcase name="testCase" time="22.004" classname="com.alg.test.executionengine.Executor"/>
  <testcase name="testCase" time="20.826" classname="com.alg.test.executionengine.Executor"/>
  <testcase name="testCase" time="25.055" classname="com.alg.test.executionengine.Executor"/>
</testsuite> <!-- Test -->
